<?xml version="1.0" encoding="UTF-8"?>
<!-- Generated by org.testng.reporters.JUnitReportReporter -->
<testsuite hostname="BINTERNS-QA3L" failures="0" tests="1" name="TestNG_PACKAGE.BeforeTestDemo" time="0.004" errors="0" timestamp="2023-03-09T10:18:17 IST" skipped="0">
  <testcase classname="TestNG_PACKAGE.BeforeTestDemo" name="abc" time="0.004"/>
  <system-out/>
</testsuite> <!-- TestNG_PACKAGE.BeforeTestDemo -->
