<?xml version="1.0" encoding="UTF-8"?>
<!-- Generated by org.testng.reporters.JUnitReportReporter -->
<testsuite hostname="BINTERNS-QA3L" failures="0" tests="2" name="TestNG_PACKAGE.Annotations_practice" time="0.009" errors="0" timestamp="2023-03-06T11:51:02 IST" skipped="0">
  <testcase classname="TestNG_PACKAGE.Annotations_practice" name="mytest1" time="0.008"/>
  <system-out/>
  <testcase classname="TestNG_PACKAGE.Annotations_practice" name="mytest2" time="0.001"/>
  <system-out/>
</testsuite> <!-- TestNG_PACKAGE.Annotations_practice -->
