<?xml version="1.0" encoding="UTF-8"?>
<!-- Generated by org.testng.reporters.JUnitReportReporter -->
<testsuite hostname="BINTERNS-QA3L" failures="0" tests="6" name="CrossTesting.crossTesting_1" time="0.190" errors="0" timestamp="2023-03-07T11:48:48 IST" skipped="0">
  <testcase classname="CrossTesting.crossTesting_1" name="testLogo" time="0.074"/>
  <system-out/>
  <testcase classname="CrossTesting.crossTesting_1" name="testLogo" time="0.040"/>
  <system-out/>
  <testcase classname="CrossTesting.crossTesting_1" name="testLogo" time="0.054"/>
  <system-out/>
  <testcase classname="CrossTesting.crossTesting_1" name="testHomePageTitle" time="0.007"/>
  <system-out/>
  <testcase classname="CrossTesting.crossTesting_1" name="testHomePageTitle" time="0.007"/>
  <system-out/>
  <testcase classname="CrossTesting.crossTesting_1" name="testHomePageTitle" time="0.008"/>
  <system-out/>
</testsuite> <!-- CrossTesting.crossTesting_1 -->
