<?xml version="1.0" encoding="UTF-8"?>
<!-- Generated by org.testng.reporters.JUnitReportReporter -->
<testsuite hostname="BINTERNS-QA3L" failures="0" tests="1" name="TestNG_grouping.grouping_Demo" time="0.012" errors="0" timestamp="2023-03-07T16:15:48 IST" skipped="0">
  <testcase classname="TestNG_grouping.grouping_Demo" name="signupemail" time="0.012"/>
  <system-out/>
</testsuite> <!-- TestNG_grouping.grouping_Demo -->
