<?xml version="1.0" encoding="UTF-8"?>
<!-- Generated by org.testng.reporters.JUnitReportReporter -->
<testsuite hostname="BINTERNS-QA3L" failures="0" tests="3" name="TestNG_PACKAGE.AnnotationDemo" time="0.011" errors="0" timestamp="2023-03-06T18:14:51 IST" skipped="0">
  <testcase classname="TestNG_PACKAGE.AnnotationDemo" name="testCase1" time="0.008"/>
  <system-out/>
  <testcase classname="TestNG_PACKAGE.AnnotationDemo" name="testCase2" time="0.001"/>
  <system-out/>
  <testcase classname="TestNG_PACKAGE.AnnotationDemo" name="testCase3" time="0.002"/>
  <system-out/>
</testsuite> <!-- TestNG_PACKAGE.AnnotationDemo -->
