<?xml version="1.0" encoding="UTF-8"?>
<!-- Generated by org.testng.reporters.JUnitReportReporter -->
<testsuite hostname="BINTERNS-QA3L" failures="0" tests="2" name="TestNG_PACKAGE.BeforeClassDemo" time="0.011" errors="0" timestamp="2023-03-06T10:45:36 IST" skipped="0">
  <testcase classname="TestNG_PACKAGE.BeforeClassDemo" name="Search" time="0.009"/>
  <system-out/>
  <testcase classname="TestNG_PACKAGE.BeforeClassDemo" name="Adv_search" time="0.002"/>
  <system-out/>
</testsuite> <!-- TestNG_PACKAGE.BeforeClassDemo -->
