<?xml version="1.0" encoding="UTF-8"?>
<!-- Generated by org.testng.reporters.JUnitReportReporter -->
<testsuite hostname="BINTERNS-QA3L" failures="0" tests="2" name="TestNG_PACKAGE.AnnotationsDemo" time="0.022" errors="0" timestamp="2023-03-06T10:39:09 IST" skipped="0">
  <testcase classname="TestNG_PACKAGE.AnnotationsDemo" name="Search" time="0.021"/>
  <system-out/>
  <testcase classname="TestNG_PACKAGE.AnnotationsDemo" name="Adv_search" time="0.001"/>
  <system-out/>
</testsuite> <!-- TestNG_PACKAGE.AnnotationsDemo -->
