<?xml version="1.0" encoding="UTF-8"?>
<!-- Generated by org.testng.reporters.JUnitReportReporter -->
<testsuite hostname="BINTERNS-QA3L" failures="0" tests="1" name="TestNG_PACKAGE.BeforeSuiteDemo" time="0.008" errors="0" timestamp="2023-03-06T17:40:18 IST" skipped="0">
  <testcase classname="TestNG_PACKAGE.BeforeSuiteDemo" name="abc" time="0.008"/>
  <system-out/>
</testsuite> <!-- TestNG_PACKAGE.BeforeSuiteDemo -->
