<?xml version="1.0" encoding="UTF-8"?>
<!-- Generated by org.testng.reporters.JUnitReportReporter -->
<testsuite hostname="BINTERNS-QA3L" failures="0" tests="3" name="TestNG_PACKAGE.TestNG_class" time="6.437" errors="0" timestamp="2023-03-06T17:52:15 IST" skipped="0">
  <testcase classname="TestNG_PACKAGE.TestNG_class" name="openapp" time="4.018"/>
  <system-out/>
  <testcase classname="TestNG_PACKAGE.TestNG_class" name="login" time="2.325"/>
  <system-out/>
  <testcase classname="TestNG_PACKAGE.TestNG_class" name="closeapp" time="0.094"/>
  <system-out/>
</testsuite> <!-- TestNG_PACKAGE.TestNG_class -->
