<?xml version="1.0" encoding="UTF-8"?>
<!-- Generated by org.testng.reporters.JUnitReportReporter -->
<testsuite hostname="BINTERNS-QA3L" failures="0" tests="3" name="TestNG_PACKAGE.grouping_Demo" time="0.018" errors="0" timestamp="2023-03-06T15:21:31 IST" skipped="0">
  <testcase classname="TestNG_PACKAGE.grouping_Demo" name="loginByEmail" time="0.014"/>
  <system-out/>
  <testcase classname="TestNG_PACKAGE.grouping_Demo" name="loginByFacebook" time="0.002"/>
  <system-out/>
  <testcase classname="TestNG_PACKAGE.grouping_Demo" name="loginByMobileNumber" time="0.002"/>
  <system-out/>
</testsuite> <!-- TestNG_PACKAGE.grouping_Demo -->
