<?xml version="1.0" encoding="UTF-8"?>
<!-- Generated by org.testng.reporters.JUnitReportReporter -->
<testsuite hostname="BINTERNS-QA3L" failures="0" tests="2" name="TestNG_PACKAGE.Annotations_2" time="0.011" errors="0" timestamp="2023-03-06T10:42:55 IST" skipped="0">
  <testcase classname="TestNG_PACKAGE.Annotations_2" name="Search" time="0.009"/>
  <system-out/>
  <testcase classname="TestNG_PACKAGE.Annotations_2" name="Adv_search" time="0.002"/>
  <system-out/>
</testsuite> <!-- TestNG_PACKAGE.Annotations_2 -->
