<?xml version="1.0" encoding="UTF-8"?>
<!-- Generated by org.testng.reporters.JUnitReportReporter -->
<testsuite hostname="BINTERNS-QA3L" failures="0" tests="10" name="TestNG_grouping.InvocationCountDemo" time="0.020" errors="0" timestamp="2023-03-07T10:20:03 IST" skipped="0">
  <testcase classname="TestNG_grouping.InvocationCountDemo" name="func" time="0.000"/>
  <system-out/>
  <testcase classname="TestNG_grouping.InvocationCountDemo" name="func" time="0.002"/>
  <system-out/>
  <testcase classname="TestNG_grouping.InvocationCountDemo" name="func" time="0.011"/>
  <system-out/>
  <testcase classname="TestNG_grouping.InvocationCountDemo" name="func" time="0.001"/>
  <system-out/>
  <testcase classname="TestNG_grouping.InvocationCountDemo" name="func" time="0.001"/>
  <system-out/>
  <testcase classname="TestNG_grouping.InvocationCountDemo" name="func" time="0.001"/>
  <system-out/>
  <testcase classname="TestNG_grouping.InvocationCountDemo" name="func" time="0.001"/>
  <system-out/>
  <testcase classname="TestNG_grouping.InvocationCountDemo" name="func" time="0.001"/>
  <system-out/>
  <testcase classname="TestNG_grouping.InvocationCountDemo" name="func" time="0.001"/>
  <system-out/>
  <testcase classname="TestNG_grouping.InvocationCountDemo" name="func" time="0.001"/>
  <system-out/>
</testsuite> <!-- TestNG_grouping.InvocationCountDemo -->
