<?xml version="1.0" encoding="UTF-8"?>
<!-- Generated by org.testng.reporters.JUnitReportReporter -->
<testsuite hostname="BINTERNS-QA3L" failures="0" tests="3" name="FlipKart.FlipKartDemo" time="0.030" errors="0" timestamp="2023-03-09T10:03:23 IST" skipped="0">
  <testcase classname="FlipKart.FlipKartDemo" name="MaxWindow" time="0.011"/>
  <system-out/>
  <testcase classname="FlipKart.FlipKartDemo" name="MaxWindow" time="0.007"/>
  <system-out/>
  <testcase classname="FlipKart.FlipKartDemo" name="MaxWindow" time="0.012"/>
  <system-out/>
</testsuite> <!-- FlipKart.FlipKartDemo -->
