<?xml version="1.0" encoding="UTF-8"?>
<!-- Generated by org.testng.reporters.JUnitReportReporter -->
<testsuite hostname="BINTERNS-QA3L" failures="0" tests="5" name="TestNG_PACKAGE.DependencyMethodsDemo" time="0.027" errors="0" timestamp="2023-03-06T11:17:24 IST" skipped="0">
  <testcase classname="TestNG_PACKAGE.DependencyMethodsDemo" name="openapp" time="0.020"/>
  <system-out/>
  <testcase classname="TestNG_PACKAGE.DependencyMethodsDemo" name="login" time="0.001"/>
  <system-out/>
  <testcase classname="TestNG_PACKAGE.DependencyMethodsDemo" name="search" time="0.002"/>
  <system-out/>
  <testcase classname="TestNG_PACKAGE.DependencyMethodsDemo" name="advSearch" time="0.002"/>
  <system-out/>
  <testcase classname="TestNG_PACKAGE.DependencyMethodsDemo" name="logout" time="0.002"/>
  <system-out/>
</testsuite> <!-- TestNG_PACKAGE.DependencyMethodsDemo -->
