<?xml version="1.0" encoding="UTF-8"?>
<!-- Generated by org.testng.reporters.JUnitReportReporter -->
<testsuite hostname="BINTERNS-QA3L" failures="0" tests="1" name="TestNG_PACKAGE.myNewTest" time="0.014" errors="0" timestamp="2023-03-07T16:30:21 IST" skipped="0">
  <testcase classname="TestNG_PACKAGE.myNewTest" name="f" time="0.014"/>
  <system-out/>
</testsuite> <!-- TestNG_PACKAGE.myNewTest -->
