<?xml version="1.0" encoding="UTF-8"?>
<!-- Generated by org.testng.reporters.JUnitReportReporter -->
<testsuite hostname="BINTERNS-QA3L" failures="0" tests="3" name="TestNG_PACKAGE.TestNG_class" time="11.030" errors="0" timestamp="2023-03-07T16:30:21 IST" skipped="0">
  <testcase classname="TestNG_PACKAGE.TestNG_class" name="openapp" time="7.984"/>
  <system-out/>
  <testcase classname="TestNG_PACKAGE.TestNG_class" name="login" time="2.911"/>
  <system-out/>
  <testcase classname="TestNG_PACKAGE.TestNG_class" name="closeapp" time="0.135"/>
  <system-out/>
</testsuite> <!-- TestNG_PACKAGE.TestNG_class -->
